<?xml version="1.0" encoding="UTF-8"?>
<testng-results ignored="0" total="20" passed="20" failed="0" skipped="0">
  <reporter-output>
  </reporter-output>
  <suite started-at="2021-12-21T04:22:18Z" name="book-flight-module" finished-at="2021-12-21T04:26:10Z" duration-ms="231804">
    <groups>
    </groups>
    <test started-at="2021-12-21T04:22:18Z" name="book-flight-3" finished-at="2021-12-21T04:26:02Z" duration-ms="223559">
      <class name="com.newtours.tests.BookFlightTest">
        <test-method is-config="true" signature="setupDriver(org.testng.ITestContext)[pri:0, instance:com.newtours.tests.BookFlightTest@3c0be339]" started-at="2021-12-21T04:22:19Z" name="setupDriver" finished-at="2021-12-21T04:23:22Z" duration-ms="63084" status="PASS">
          <params>
            <param index="0">
              <value>
                <![CDATA[org.testng.TestRunner@49912c99]]>
              </value>
            </param>
          </params>
          <reporter-output>
          </reporter-output>
        </test-method> <!-- setupDriver -->
        <test-method is-config="true" signature="setupParameters(java.lang.String, java.lang.String)[pri:0, instance:com.newtours.tests.BookFlightTest@3c0be339]" started-at="2021-12-21T04:23:22Z" name="setupParameters" finished-at="2021-12-21T04:23:22Z" depends-on-methods="com.tests.BaseTest.setupDriver" duration-ms="0" status="PASS">
          <params>
            <param index="0">
              <value>
                <![CDATA[3]]>
              </value>
            </param>
            <param index="1">
              <value>
                <![CDATA[$1753 USD]]>
              </value>
            </param>
          </params>
          <reporter-output>
          </reporter-output>
        </test-method> <!-- setupParameters -->
        <test-method signature="registrationPage()[pri:0, instance:com.newtours.tests.BookFlightTest@3c0be339]" started-at="2021-12-21T04:23:22Z" name="registrationPage" finished-at="2021-12-21T04:25:59Z" duration-ms="156602" status="PASS">
          <reporter-output>
          </reporter-output>
        </test-method> <!-- registrationPage -->
        <test-method signature="registrationConfirmationPage()[pri:0, instance:com.newtours.tests.BookFlightTest@3c0be339]" started-at="2021-12-21T04:25:59Z" name="registrationConfirmationPage" finished-at="2021-12-21T04:25:59Z" depends-on-methods="com.newtours.tests.BookFlightTest.registrationPage" duration-ms="294" status="PASS">
          <reporter-output>
          </reporter-output>
        </test-method> <!-- registrationConfirmationPage -->
        <test-method signature="flightDetailsPage()[pri:0, instance:com.newtours.tests.BookFlightTest@3c0be339]" started-at="2021-12-21T04:25:59Z" name="flightDetailsPage" finished-at="2021-12-21T04:26:01Z" depends-on-methods="com.newtours.tests.BookFlightTest.registrationConfirmationPage" duration-ms="1815" status="PASS">
          <reporter-output>
          </reporter-output>
        </test-method> <!-- flightDetailsPage -->
        <test-method signature="findFlightPage()[pri:0, instance:com.newtours.tests.BookFlightTest@3c0be339]" started-at="2021-12-21T04:26:01Z" name="findFlightPage" finished-at="2021-12-21T04:26:01Z" depends-on-methods="com.newtours.tests.BookFlightTest.flightDetailsPage" duration-ms="546" status="PASS">
          <reporter-output>
          </reporter-output>
        </test-method> <!-- findFlightPage -->
        <test-method signature="flightConfirmationPage()[pri:0, instance:com.newtours.tests.BookFlightTest@3c0be339]" started-at="2021-12-21T04:26:01Z" name="flightConfirmationPage" finished-at="2021-12-21T04:26:02Z" depends-on-methods="com.newtours.tests.BookFlightTest.findFlightPage" duration-ms="436" status="PASS">
          <reporter-output>
          </reporter-output>
        </test-method> <!-- flightConfirmationPage -->
        <test-method is-config="true" signature="quitDriver()[pri:0, instance:com.newtours.tests.BookFlightTest@3c0be339]" started-at="2021-12-21T04:26:02Z" name="quitDriver" finished-at="2021-12-21T04:26:02Z" duration-ms="122" status="PASS">
          <reporter-output>
          </reporter-output>
        </test-method> <!-- quitDriver -->
      </class> <!-- com.newtours.tests.BookFlightTest -->
    </test> <!-- book-flight-3 -->
    <test started-at="2021-12-21T04:22:18Z" name="book-flight-4" finished-at="2021-12-21T04:26:04Z" duration-ms="225128">
      <class name="com.newtours.tests.BookFlightTest">
        <test-method is-config="true" signature="setupDriver(org.testng.ITestContext)[pri:0, instance:com.newtours.tests.BookFlightTest@6a2b953e]" started-at="2021-12-21T04:22:18Z" name="setupDriver" finished-at="2021-12-21T04:23:05Z" duration-ms="46447" status="PASS">
          <params>
            <param index="0">
              <value>
                <![CDATA[org.testng.TestRunner@22e357dc]]>
              </value>
            </param>
          </params>
          <reporter-output>
          </reporter-output>
        </test-method> <!-- setupDriver -->
        <test-method is-config="true" signature="setupParameters(java.lang.String, java.lang.String)[pri:0, instance:com.newtours.tests.BookFlightTest@6a2b953e]" started-at="2021-12-21T04:23:05Z" name="setupParameters" finished-at="2021-12-21T04:23:05Z" depends-on-methods="com.tests.BaseTest.setupDriver" duration-ms="0" status="PASS">
          <params>
            <param index="0">
              <value>
                <![CDATA[4]]>
              </value>
            </param>
            <param index="1">
              <value>
                <![CDATA[$2338 USD]]>
              </value>
            </param>
          </params>
          <reporter-output>
          </reporter-output>
        </test-method> <!-- setupParameters -->
        <test-method signature="registrationPage()[pri:0, instance:com.newtours.tests.BookFlightTest@6a2b953e]" started-at="2021-12-21T04:23:05Z" name="registrationPage" finished-at="2021-12-21T04:26:00Z" duration-ms="175445" status="PASS">
          <reporter-output>
          </reporter-output>
        </test-method> <!-- registrationPage -->
        <test-method signature="registrationConfirmationPage()[pri:0, instance:com.newtours.tests.BookFlightTest@6a2b953e]" started-at="2021-12-21T04:26:00Z" name="registrationConfirmationPage" finished-at="2021-12-21T04:26:01Z" depends-on-methods="com.newtours.tests.BookFlightTest.registrationPage" duration-ms="322" status="PASS">
          <reporter-output>
          </reporter-output>
        </test-method> <!-- registrationConfirmationPage -->
        <test-method signature="flightDetailsPage()[pri:0, instance:com.newtours.tests.BookFlightTest@6a2b953e]" started-at="2021-12-21T04:26:01Z" name="flightDetailsPage" finished-at="2021-12-21T04:26:02Z" depends-on-methods="com.newtours.tests.BookFlightTest.registrationConfirmationPage" duration-ms="1743" status="PASS">
          <reporter-output>
          </reporter-output>
        </test-method> <!-- flightDetailsPage -->
        <test-method signature="findFlightPage()[pri:0, instance:com.newtours.tests.BookFlightTest@6a2b953e]" started-at="2021-12-21T04:26:02Z" name="findFlightPage" finished-at="2021-12-21T04:26:03Z" depends-on-methods="com.newtours.tests.BookFlightTest.flightDetailsPage" duration-ms="484" status="PASS">
          <reporter-output>
          </reporter-output>
        </test-method> <!-- findFlightPage -->
        <test-method signature="flightConfirmationPage()[pri:0, instance:com.newtours.tests.BookFlightTest@6a2b953e]" started-at="2021-12-21T04:26:03Z" name="flightConfirmationPage" finished-at="2021-12-21T04:26:03Z" depends-on-methods="com.newtours.tests.BookFlightTest.findFlightPage" duration-ms="481" status="PASS">
          <reporter-output>
          </reporter-output>
        </test-method> <!-- flightConfirmationPage -->
        <test-method is-config="true" signature="quitDriver()[pri:0, instance:com.newtours.tests.BookFlightTest@6a2b953e]" started-at="2021-12-21T04:26:03Z" name="quitDriver" finished-at="2021-12-21T04:26:04Z" duration-ms="183" status="PASS">
          <reporter-output>
          </reporter-output>
        </test-method> <!-- quitDriver -->
      </class> <!-- com.newtours.tests.BookFlightTest -->
    </test> <!-- book-flight-4 -->
    <test started-at="2021-12-21T04:22:18Z" name="book-flight-2" finished-at="2021-12-21T04:26:06Z" duration-ms="227810">
      <class name="com.newtours.tests.BookFlightTest">
        <test-method is-config="true" signature="setupDriver(org.testng.ITestContext)[pri:0, instance:com.newtours.tests.BookFlightTest@2d2ffcb7]" started-at="2021-12-21T04:22:19Z" name="setupDriver" finished-at="2021-12-21T04:23:25Z" duration-ms="66266" status="PASS">
          <params>
            <param index="0">
              <value>
                <![CDATA[org.testng.TestRunner@10163d6]]>
              </value>
            </param>
          </params>
          <reporter-output>
          </reporter-output>
        </test-method> <!-- setupDriver -->
        <test-method is-config="true" signature="setupParameters(java.lang.String, java.lang.String)[pri:0, instance:com.newtours.tests.BookFlightTest@2d2ffcb7]" started-at="2021-12-21T04:23:25Z" name="setupParameters" finished-at="2021-12-21T04:23:25Z" depends-on-methods="com.tests.BaseTest.setupDriver" duration-ms="0" status="PASS">
          <params>
            <param index="0">
              <value>
                <![CDATA[2]]>
              </value>
            </param>
            <param index="1">
              <value>
                <![CDATA[$1169 USD]]>
              </value>
            </param>
          </params>
          <reporter-output>
          </reporter-output>
        </test-method> <!-- setupParameters -->
        <test-method signature="registrationPage()[pri:0, instance:com.newtours.tests.BookFlightTest@2d2ffcb7]" started-at="2021-12-21T04:23:25Z" name="registrationPage" finished-at="2021-12-21T04:26:04Z" duration-ms="158315" status="PASS">
          <reporter-output>
          </reporter-output>
        </test-method> <!-- registrationPage -->
        <test-method signature="registrationConfirmationPage()[pri:0, instance:com.newtours.tests.BookFlightTest@2d2ffcb7]" started-at="2021-12-21T04:26:04Z" name="registrationConfirmationPage" finished-at="2021-12-21T04:26:04Z" depends-on-methods="com.newtours.tests.BookFlightTest.registrationPage" duration-ms="174" status="PASS">
          <reporter-output>
          </reporter-output>
        </test-method> <!-- registrationConfirmationPage -->
        <test-method signature="flightDetailsPage()[pri:0, instance:com.newtours.tests.BookFlightTest@2d2ffcb7]" started-at="2021-12-21T04:26:04Z" name="flightDetailsPage" finished-at="2021-12-21T04:26:05Z" depends-on-methods="com.newtours.tests.BookFlightTest.registrationConfirmationPage" duration-ms="1562" status="PASS">
          <reporter-output>
          </reporter-output>
        </test-method> <!-- flightDetailsPage -->
        <test-method signature="findFlightPage()[pri:0, instance:com.newtours.tests.BookFlightTest@2d2ffcb7]" started-at="2021-12-21T04:26:05Z" name="findFlightPage" finished-at="2021-12-21T04:26:06Z" depends-on-methods="com.newtours.tests.BookFlightTest.flightDetailsPage" duration-ms="361" status="PASS">
          <reporter-output>
          </reporter-output>
        </test-method> <!-- findFlightPage -->
        <test-method signature="flightConfirmationPage()[pri:0, instance:com.newtours.tests.BookFlightTest@2d2ffcb7]" started-at="2021-12-21T04:26:06Z" name="flightConfirmationPage" finished-at="2021-12-21T04:26:06Z" depends-on-methods="com.newtours.tests.BookFlightTest.findFlightPage" duration-ms="306" status="PASS">
          <reporter-output>
          </reporter-output>
        </test-method> <!-- flightConfirmationPage -->
        <test-method is-config="true" signature="quitDriver()[pri:0, instance:com.newtours.tests.BookFlightTest@2d2ffcb7]" started-at="2021-12-21T04:26:06Z" name="quitDriver" finished-at="2021-12-21T04:26:06Z" duration-ms="172" status="PASS">
          <reporter-output>
          </reporter-output>
        </test-method> <!-- quitDriver -->
      </class> <!-- com.newtours.tests.BookFlightTest -->
    </test> <!-- book-flight-2 -->
    <test started-at="2021-12-21T04:22:18Z" name="book-flight-1" finished-at="2021-12-21T04:26:10Z" duration-ms="231804">
      <class name="com.newtours.tests.BookFlightTest">
        <test-method is-config="true" signature="setupDriver(org.testng.ITestContext)[pri:0, instance:com.newtours.tests.BookFlightTest@71e9ddb4]" started-at="2021-12-21T04:22:19Z" name="setupDriver" finished-at="2021-12-21T04:23:27Z" duration-ms="68440" status="PASS">
          <params>
            <param index="0">
              <value>
                <![CDATA[org.testng.TestRunner@2dde1bff]]>
              </value>
            </param>
          </params>
          <reporter-output>
          </reporter-output>
        </test-method> <!-- setupDriver -->
        <test-method is-config="true" signature="setupParameters(java.lang.String, java.lang.String)[pri:0, instance:com.newtours.tests.BookFlightTest@71e9ddb4]" started-at="2021-12-21T04:23:27Z" name="setupParameters" finished-at="2021-12-21T04:23:27Z" depends-on-methods="com.tests.BaseTest.setupDriver" duration-ms="0" status="PASS">
          <params>
            <param index="0">
              <value>
                <![CDATA[1]]>
              </value>
            </param>
            <param index="1">
              <value>
                <![CDATA[$584 USD]]>
              </value>
            </param>
          </params>
          <reporter-output>
          </reporter-output>
        </test-method> <!-- setupParameters -->
        <test-method signature="registrationPage()[pri:0, instance:com.newtours.tests.BookFlightTest@71e9ddb4]" started-at="2021-12-21T04:23:27Z" name="registrationPage" finished-at="2021-12-21T04:26:08Z" duration-ms="160274" status="PASS">
          <reporter-output>
          </reporter-output>
        </test-method> <!-- registrationPage -->
        <test-method signature="registrationConfirmationPage()[pri:0, instance:com.newtours.tests.BookFlightTest@71e9ddb4]" started-at="2021-12-21T04:26:08Z" name="registrationConfirmationPage" finished-at="2021-12-21T04:26:08Z" depends-on-methods="com.newtours.tests.BookFlightTest.registrationPage" duration-ms="180" status="PASS">
          <reporter-output>
          </reporter-output>
        </test-method> <!-- registrationConfirmationPage -->
        <test-method signature="flightDetailsPage()[pri:0, instance:com.newtours.tests.BookFlightTest@71e9ddb4]" started-at="2021-12-21T04:26:08Z" name="flightDetailsPage" finished-at="2021-12-21T04:26:09Z" depends-on-methods="com.newtours.tests.BookFlightTest.registrationConfirmationPage" duration-ms="1507" status="PASS">
          <reporter-output>
          </reporter-output>
        </test-method> <!-- flightDetailsPage -->
        <test-method signature="findFlightPage()[pri:0, instance:com.newtours.tests.BookFlightTest@71e9ddb4]" started-at="2021-12-21T04:26:09Z" name="findFlightPage" finished-at="2021-12-21T04:26:10Z" depends-on-methods="com.newtours.tests.BookFlightTest.flightDetailsPage" duration-ms="396" status="PASS">
          <reporter-output>
          </reporter-output>
        </test-method> <!-- findFlightPage -->
        <test-method signature="flightConfirmationPage()[pri:0, instance:com.newtours.tests.BookFlightTest@71e9ddb4]" started-at="2021-12-21T04:26:10Z" name="flightConfirmationPage" finished-at="2021-12-21T04:26:10Z" depends-on-methods="com.newtours.tests.BookFlightTest.findFlightPage" duration-ms="257" status="PASS">
          <reporter-output>
          </reporter-output>
        </test-method> <!-- flightConfirmationPage -->
        <test-method is-config="true" signature="quitDriver()[pri:0, instance:com.newtours.tests.BookFlightTest@71e9ddb4]" started-at="2021-12-21T04:26:10Z" name="quitDriver" finished-at="2021-12-21T04:26:10Z" duration-ms="97" status="PASS">
          <reporter-output>
          </reporter-output>
        </test-method> <!-- quitDriver -->
      </class> <!-- com.newtours.tests.BookFlightTest -->
    </test> <!-- book-flight-1 -->
  </suite> <!-- book-flight-module -->
</testng-results>
