<?xml version="1.0" encoding="UTF-8"?>
<!-- Generated by org.testng.reporters.JUnitXMLReporter -->
<testsuite ignored="0" hostname="DESKTOP-GQ5M7KR" failures="0" tests="5" name="book-flight-1" time="231.804" errors="0" timestamp="21 Dec 2021 04:26:10 GMT">
  <testcase classname="com.newtours.tests.BookFlightTest" name="registrationPage" time="160.274"/>
  <testcase classname="com.newtours.tests.BookFlightTest" name="registrationConfirmationPage" time="0.18"/>
  <testcase classname="com.newtours.tests.BookFlightTest" name="flightDetailsPage" time="1.507"/>
  <testcase classname="com.newtours.tests.BookFlightTest" name="findFlightPage" time="0.396"/>
  <testcase classname="com.newtours.tests.BookFlightTest" name="flightConfirmationPage" time="0.257"/>
</testsuite> <!-- book-flight-1 -->
