<?xml version="1.0" encoding="UTF-8"?>
<!-- Generated by org.testng.reporters.JUnitXMLReporter -->
<testsuite ignored="0" hostname="DESKTOP-GQ5M7KR" failures="0" tests="5" name="book-flight-4" time="225.128" errors="0" timestamp="21 Dec 2021 04:26:04 GMT">
  <testcase classname="com.newtours.tests.BookFlightTest" name="registrationPage" time="175.445"/>
  <testcase classname="com.newtours.tests.BookFlightTest" name="registrationConfirmationPage" time="0.322"/>
  <testcase classname="com.newtours.tests.BookFlightTest" name="flightDetailsPage" time="1.743"/>
  <testcase classname="com.newtours.tests.BookFlightTest" name="findFlightPage" time="0.484"/>
  <testcase classname="com.newtours.tests.BookFlightTest" name="flightConfirmationPage" time="0.481"/>
</testsuite> <!-- book-flight-4 -->
