<?xml version="1.0" encoding="UTF-8"?>
<!-- Generated by org.testng.reporters.JUnitXMLReporter -->
<testsuite ignored="0" hostname="DESKTOP-GQ5M7KR" failures="0" tests="5" name="book-flight-3" time="223.559" errors="0" timestamp="21 Dec 2021 04:26:02 GMT">
  <testcase classname="com.newtours.tests.BookFlightTest" name="registrationPage" time="156.602"/>
  <testcase classname="com.newtours.tests.BookFlightTest" name="registrationConfirmationPage" time="0.294"/>
  <testcase classname="com.newtours.tests.BookFlightTest" name="flightDetailsPage" time="1.815"/>
  <testcase classname="com.newtours.tests.BookFlightTest" name="findFlightPage" time="0.546"/>
  <testcase classname="com.newtours.tests.BookFlightTest" name="flightConfirmationPage" time="0.436"/>
</testsuite> <!-- book-flight-3 -->
